<?xml version="1.0" encoding="UTF-8"?>
<testsuite xmlns:xsi="http://www.w3.org/2001/XMLSchema-instance" xsi:noNamespaceSchemaLocation="https://maven.apache.org/surefire/maven-surefire-plugin/xsd/surefire-test-report.xsd" version="3.0.2" name="com.example.demo.CatalogApplicationTests" time="2.242" tests="1" errors="0" skipped="0" failures="0">
  <properties>
[...]
</properties>
  <testcase name="contextLoads" classname="com.example.demo.CatalogApplicationTests" time="0.62">
    <system-out><![CDATA[10:13:19.123 [main] INFO org.springframework.test.context.support.AnnotationConfigContextLoaderUtils -- Could not detect default configuration classes for test class [com.example.demo.CatalogApplicationTests]: CatalogApplicationTests does not declare any static, non-private, non-final, nested classes annotated with @Configuration.
10:13:19.230 [main] INFO org.springframework.boot.test.context.SpringBootTestContextBootstrapper -- Found @SpringBootConfiguration com.example.demo.CatalogApplication for test class com.example.demo.CatalogApplicationTests
10:13:19.408 [main] INFO org.springframework.boot.devtools.restart.RestartApplicationListener -- Restart disabled due to context in which it is running

  .   ____          _            __ _ _
 /\\ / ___'_ __ _ _(_)_ __  __ _ \ \ \ \
( ( )\___ | '_ | '_| | '_ \/ _` | \ \ \ \
 \\/  ___)| |_)| | | | | || (_| |  ) ) ) )
  '  |____| .__|_| |_|_| |_\__, | / / / /
 =========|_|==============|___/=/_/_/_/

 :: Spring Boot ::                (v3.5.6)

2025-09-30T10:13:19.702+09:00  INFO 17152 --- [catalog-service-DEV] [           main] c.example.demo.CatalogApplicationTests   : Starting CatalogApplicationTests using Java 17.0.12 with PID 17152 (started by ktds in C:\Users\Catalog)
2025-09-30T10:13:19.704+09:00  INFO 17152 --- [catalog-service-DEV] [           main] c.example.demo.CatalogApplicationTests   : The following 1 profile is active: "dev"
2025-09-30T10:13:20.605+09:00  INFO 17152 --- [catalog-service-DEV] [           main] c.example.demo.CatalogApplicationTests   : Started CatalogApplicationTests in 1.208 seconds (process running for 2.048)
]]></system-out>
  </testcase>
</testsuite>